[2022-11-02 12:32:16] local.ERROR: Cannot end a section without first starting one. (View: C:\Users\ronald richie\Desktop\Binus Life\SEMESTER 5\Web Programming\Coding Stuff\GSLC1_WP_Ronald Richie Huang\resources\views\main.blade.php) {"view":{"view":"C:\\Users\\ronald richie\\Desktop\\Binus Life\\SEMESTER 5\\Web Programming\\Coding Stuff\\GSLC1_WP_Ronald Richie Huang\\vendor\\laravel\\framework\\src\\Illuminate\\View\\Concerns\\ManagesLayouts.php","data":[]},"exception":"[object] (Facade\\Ignition\\Exceptions\\ViewException(code: 0): Cannot end a section without first starting one. (View: C:\\Users\\ronald richie\\Desktop\\Binus Life\\SEMESTER 5\\Web Programming\\Coding Stuff\\GSLC1_WP_Ronald Richie Huang\\resources\\views\\main.blade.php) at C:\\Users\\ronald richie\\Desktop\\Binus Life\\SEMESTER 5\\Web Programming\\Coding Stuff\\GSLC1_WP_Ronald Richie Huang\\vendor\\laravel\\framework\\src\\Illuminate\\View\\Concerns\\ManagesLayouts.php:94)
[stacktrace]
#0 C:\\Users\\ronald richie\\Desktop\\Binus Life\\SEMESTER 5\\Web Programming\\Coding Stuff\\GSLC1_WP_Ronald Richie Huang\\resources\\views/main.blade.php(14): Illuminate\\View\\Factory->stopSection()
#1 C:\\Users\\ronald richie\\Desktop\\Binus Life\\SEMESTER 5\\Web Programming\\Coding Stuff\\GSLC1_WP_Ronald Richie Huang\\vendor\\laravel\\framework\\src\\Illuminate\\Filesystem\\Filesystem.php(107): require('C:\\\\Users\\\\ronald...')
#2 C:\\Users\\ronald richie\\Desktop\\Binus Life\\SEMESTER 5\\Web Programming\\Coding Stuff\\GSLC1_WP_Ronald Richie Huang\\vendor\\laravel\\framework\\src\\Illuminate\\Filesystem\\Filesystem.php(108): Illuminate\\Filesystem\\Filesystem::Illuminate\\Filesystem\\{closure}()
#3 C:\\Users\\ronald richie\\Desktop\\Binus Life\\SEMESTER 5\\Web Programming\\Coding Stuff\\GSLC1_WP_Ronald Richie Huang\\vendor\\laravel\\framework\\src\\Illuminate\\View\\Engines\\PhpEngine.php(58): Illuminate\\Filesystem\\Filesystem->getRequire('C:\\\\Users\\\\ronald...', Array)
#4 C:\\Users\\ronald richie\\Desktop\\Binus Life\\SEMESTER 5\\Web Programming\\Coding Stuff\\GSLC1_WP_Ronald Richie Huang\\vendor\\laravel\\framework\\src\\Illuminate\\View\\Engines\\CompilerEngine.php(61): Illuminate\\View\\Engines\\PhpEngine->evaluatePath('C:\\\\Users\\\\ronald...', Array)
#5 C:\\Users\\ronald richie\\Desktop\\Binus Life\\SEMESTER 5\\Web Programming\\Coding Stuff\\GSLC1_WP_Ronald Richie Huang\\vendor\\facade\\ignition\\src\\Views\\Engines\\CompilerEngine.php(37): Illuminate\\View\\Engines\\CompilerEngine->get('C:\\\\Users\\\\ronald...', Array)
#6 C:\\Users\\ronald richie\\Desktop\\Binus Life\\SEMESTER 5\\Web Programming\\Coding Stuff\\GSLC1_WP_Ronald Richie Huang\\vendor\\laravel\\framework\\src\\Illuminate\\View\\View.php(139): Facade\\Ignition\\Views\\Engines\\CompilerEngine->get('C:\\\\Users\\\\ronald...', Array)
#7 C:\\Users\\ronald richie\\Desktop\\Binus Life\\SEMESTER 5\\Web Programming\\Coding Stuff\\GSLC1_WP_Ronald Richie Huang\\vendor\\laravel\\framework\\src\\Illuminate\\View\\View.php(122): Illuminate\\View\\View->getContents()
#8 C:\\Users\\ronald richie\\Desktop\\Binus Life\\SEMESTER 5\\Web Programming\\Coding Stuff\\GSLC1_WP_Ronald Richie Huang\\vendor\\laravel\\framework\\src\\Illuminate\\View\\View.php(91): Illuminate\\View\\View->renderContents()
#9 C:\\Users\\ronald richie\\Desktop\\Binus Life\\SEMESTER 5\\Web Programming\\Coding Stuff\\GSLC1_WP_Ronald Richie Huang\\vendor\\laravel\\framework\\src\\Illuminate\\Http\\Response.php(69): Illuminate\\View\\View->render()
#10 C:\\Users\\ronald richie\\Desktop\\Binus Life\\SEMESTER 5\\Web Programming\\Coding Stuff\\GSLC1_WP_Ronald Richie Huang\\vendor\\laravel\\framework\\src\\Illuminate\\Http\\Response.php(35): Illuminate\\Http\\Response->setContent(Object(Illuminate\\View\\View))
#11 C:\\Users\\ronald richie\\Desktop\\Binus Life\\SEMESTER 5\\Web Programming\\Coding Stuff\\GSLC1_WP_Ronald Richie Huang\\vendor\\laravel\\framework\\src\\Illuminate\\Routing\\Router.php(820): Illuminate\\Http\\Response->__construct(Object(Illuminate\\View\\View), 200, Array)
#12 C:\\Users\\ronald richie\\Desktop\\Binus Life\\SEMESTER 5\\Web Programming\\Coding Stuff\\GSLC1_WP_Ronald Richie Huang\\vendor\\laravel\\framework\\src\\Illuminate\\Routing\\Router.php(789): Illuminate\\Routing\\Router::toResponse(Object(Illuminate\\Http\\Request), Object(Illuminate\\View\\View))
#13 C:\\Users\\ronald richie\\Desktop\\Binus Life\\SEMESTER 5\\Web Programming\\Coding Stuff\\GSLC1_WP_Ronald Richie Huang\\vendor\\laravel\\framework\\src\\Illuminate\\Routing\\Router.php(721): Illuminate\\Routing\\Router->prepareResponse(Object(Illuminate\\Http\\Request), Object(Illuminate\\View\\View))
#14 C:\\Users\\ronald richie\\Desktop\\Binus Life\\SEMESTER 5\\Web Programming\\Coding Stuff\\GSLC1_WP_Ronald Richie Huang\\vendor\\laravel\\framework\\src\\Illuminate\\Pipeline\\Pipeline.php(128): Illuminate\\Routing\\Router->Illuminate\\Routing\\{closure}(Object(Illuminate\\Http\\Request))
#15 C:\\Users\\ronald richie\\Desktop\\Binus Life\\SEMESTER 5\\Web Programming\\Coding Stuff\\GSLC1_WP_Ronald Richie Huang\\vendor\\laravel\\framework\\src\\Illuminate\\Routing\\Middleware\\SubstituteBindings.php(50): Illuminate\\Pipeline\\Pipeline->Illuminate\\Pipeline\\{closure}(Object(Illuminate\\Http\\Request))
#16 C:\\Users\\ronald richie\\Desktop\\Binus Life\\SEMESTER 5\\Web Programming\\Coding Stuff\\GSLC1_WP_Ronald Richie Huang\\vendor\\laravel\\framework\\src\\Illuminate\\Pipeline\\Pipeline.php(167): Illuminate\\Routing\\Middleware\\SubstituteBindings->handle(Object(Illuminate\\Http\\Request), Object(Closure))
#17 C:\\Users\\ronald richie\\Desktop\\Binus Life\\SEMESTER 5\\Web Programming\\Coding Stuff\\GSLC1_WP_Ronald Richie Huang\\vendor\\laravel\\framework\\src\\Illuminate\\Foundation\\Http\\Middleware\\VerifyCsrfToken.php(78): Illuminate\\Pipeline\\Pipeline->Illuminate\\Pipeline\\{closure}(Object(Illuminate\\Http\\Request))
#18 C:\\Users\\ronald richie\\Desktop\\Binus Life\\SEMESTER 5\\Web Programming\\Coding Stuff\\GSLC1_WP_Ronald Richie Huang\\vendor\\laravel\\framework\\src\\Illuminate\\Pipeline\\Pipeline.php(167): Illuminate\\Foundation\\Http\\Middleware\\VerifyCsrfToken->handle(Object(Illuminate\\Http\\Request), Object(Closure))
#19 C:\\Users\\ronald richie\\Desktop\\Binus Life\\SEMESTER 5\\Web Programming\\Coding Stuff\\GSLC1_WP_Ronald Richie Huang\\vendor\\laravel\\framework\\src\\Illuminate\\View\\Middleware\\ShareErrorsFromSession.php(49): Illuminate\\Pipeline\\Pipeline->Illuminate\\Pipeline\\{closure}(Object(Illuminate\\Http\\Request))
#20 C:\\Users\\ronald richie\\Desktop\\Binus Life\\SEMESTER 5\\Web Programming\\Coding Stuff\\GSLC1_WP_Ronald Richie Huang\\vendor\\laravel\\framework\\src\\Illuminate\\Pipeline\\Pipeline.php(167): Illuminate\\View\\Middleware\\ShareErrorsFromSession->handle(Object(Illuminate\\Http\\Request), Object(Closure))
#21 C:\\Users\\ronald richie\\Desktop\\Binus Life\\SEMESTER 5\\Web Programming\\Coding Stuff\\GSLC1_WP_Ronald Richie Huang\\vendor\\laravel\\framework\\src\\Illuminate\\Session\\Middleware\\StartSession.php(121): Illuminate\\Pipeline\\Pipeline->Illuminate\\Pipeline\\{closure}(Object(Illuminate\\Http\\Request))
#22 C:\\Users\\ronald richie\\Desktop\\Binus Life\\SEMESTER 5\\Web Programming\\Coding Stuff\\GSLC1_WP_Ronald Richie Huang\\vendor\\laravel\\framework\\src\\Illuminate\\Session\\Middleware\\StartSession.php(64): Illuminate\\Session\\Middleware\\StartSession->handleStatefulRequest(Object(Illuminate\\Http\\Request), Object(Illuminate\\Session\\Store), Object(Closure))
#23 C:\\Users\\ronald richie\\Desktop\\Binus Life\\SEMESTER 5\\Web Programming\\Coding Stuff\\GSLC1_WP_Ronald Richie Huang\\vendor\\laravel\\framework\\src\\Illuminate\\Pipeline\\Pipeline.php(167): Illuminate\\Session\\Middleware\\StartSession->handle(Object(Illuminate\\Http\\Request), Object(Closure))
#24 C:\\Users\\ronald richie\\Desktop\\Binus Life\\SEMESTER 5\\Web Programming\\Coding Stuff\\GSLC1_WP_Ronald Richie Huang\\vendor\\laravel\\framework\\src\\Illuminate\\Cookie\\Middleware\\AddQueuedCookiesToResponse.php(37): Illuminate\\Pipeline\\Pipeline->Illuminate\\Pipeline\\{closure}(Object(Illuminate\\Http\\Request))
#25 C:\\Users\\ronald richie\\Desktop\\Binus Life\\SEMESTER 5\\Web Programming\\Coding Stuff\\GSLC1_WP_Ronald Richie Huang\\vendor\\laravel\\framework\\src\\Illuminate\\Pipeline\\Pipeline.php(167): Illuminate\\Cookie\\Middleware\\AddQueuedCookiesToResponse->handle(Object(Illuminate\\Http\\Request), Object(Closure))
#26 C:\\Users\\ronald richie\\Desktop\\Binus Life\\SEMESTER 5\\Web Programming\\Coding Stuff\\GSLC1_WP_Ronald Richie Huang\\vendor\\laravel\\framework\\src\\Illuminate\\Cookie\\Middleware\\EncryptCookies.php(67): Illuminate\\Pipeline\\Pipeline->Illuminate\\Pipeline\\{closure}(Object(Illuminate\\Http\\Request))
#27 C:\\Users\\ronald richie\\Desktop\\Binus Life\\SEMESTER 5\\Web Programming\\Coding Stuff\\GSLC1_WP_Ronald Richie Huang\\vendor\\laravel\\framework\\src\\Illuminate\\Pipeline\\Pipeline.php(167): Illuminate\\Cookie\\Middleware\\EncryptCookies->handle(Object(Illuminate\\Http\\Request), Object(Closure))
#28 C:\\Users\\ronald richie\\Desktop\\Binus Life\\SEMESTER 5\\Web Programming\\Coding Stuff\\GSLC1_WP_Ronald Richie Huang\\vendor\\laravel\\framework\\src\\Illuminate\\Pipeline\\Pipeline.php(103): Illuminate\\Pipeline\\Pipeline->Illuminate\\Pipeline\\{closure}(Object(Illuminate\\Http\\Request))
#29 C:\\Users\\ronald richie\\Desktop\\Binus Life\\SEMESTER 5\\Web Programming\\Coding Stuff\\GSLC1_WP_Ronald Richie Huang\\vendor\\laravel\\framework\\src\\Illuminate\\Routing\\Router.php(723): Illuminate\\Pipeline\\Pipeline->then(Object(Closure))
#30 C:\\Users\\ronald richie\\Desktop\\Binus Life\\SEMESTER 5\\Web Programming\\Coding Stuff\\GSLC1_WP_Ronald Richie Huang\\vendor\\laravel\\framework\\src\\Illuminate\\Routing\\Router.php(698): Illuminate\\Routing\\Router->runRouteWithinStack(Object(Illuminate\\Routing\\Route), Object(Illuminate\\Http\\Request))
#31 C:\\Users\\ronald richie\\Desktop\\Binus Life\\SEMESTER 5\\Web Programming\\Coding Stuff\\GSLC1_WP_Ronald Richie Huang\\vendor\\laravel\\framework\\src\\Illuminate\\Routing\\Router.php(662): Illuminate\\Routing\\Router->runRoute(Object(Illuminate\\Http\\Request), Object(Illuminate\\Routing\\Route))
#32 C:\\Users\\ronald richie\\Desktop\\Binus Life\\SEMESTER 5\\Web Programming\\Coding Stuff\\GSLC1_WP_Ronald Richie Huang\\vendor\\laravel\\framework\\src\\Illuminate\\Routing\\Router.php(651): Illuminate\\Routing\\Router->dispatchToRoute(Object(Illuminate\\Http\\Request))
#33 C:\\Users\\ronald richie\\Desktop\\Binus Life\\SEMESTER 5\\Web Programming\\Coding Stuff\\GSLC1_WP_Ronald Richie Huang\\vendor\\laravel\\framework\\src\\Illuminate\\Foundation\\Http\\Kernel.php(167): Illuminate\\Routing\\Router->dispatch(Object(Illuminate\\Http\\Request))
#34 C:\\Users\\ronald richie\\Desktop\\Binus Life\\SEMESTER 5\\Web Programming\\Coding Stuff\\GSLC1_WP_Ronald Richie Huang\\vendor\\laravel\\framework\\src\\Illuminate\\Pipeline\\Pipeline.php(128): Illuminate\\Foundation\\Http\\Kernel->Illuminate\\Foundation\\Http\\{closure}(Object(Illuminate\\Http\\Request))
#35 C:\\Users\\ronald richie\\Desktop\\Binus Life\\SEMESTER 5\\Web Programming\\Coding Stuff\\GSLC1_WP_Ronald Richie Huang\\vendor\\laravel\\framework\\src\\Illuminate\\Foundation\\Http\\Middleware\\TransformsRequest.php(21): Illuminate\\Pipeline\\Pipeline->Illuminate\\Pipeline\\{closure}(Object(Illuminate\\Http\\Request))
#36 C:\\Users\\ronald richie\\Desktop\\Binus Life\\SEMESTER 5\\Web Programming\\Coding Stuff\\GSLC1_WP_Ronald Richie Huang\\vendor\\laravel\\framework\\src\\Illuminate\\Foundation\\Http\\Middleware\\ConvertEmptyStringsToNull.php(31): Illuminate\\Foundation\\Http\\Middleware\\TransformsRequest->handle(Object(Illuminate\\Http\\Request), Object(Closure))
#37 C:\\Users\\ronald richie\\Desktop\\Binus Life\\SEMESTER 5\\Web Programming\\Coding Stuff\\GSLC1_WP_Ronald Richie Huang\\vendor\\laravel\\framework\\src\\Illuminate\\Pipeline\\Pipeline.php(167): Illuminate\\Foundation\\Http\\Middleware\\ConvertEmptyStringsToNull->handle(Object(Illuminate\\Http\\Request), Object(Closure))
#38 C:\\Users\\ronald richie\\Desktop\\Binus Life\\SEMESTER 5\\Web Programming\\Coding Stuff\\GSLC1_WP_Ronald Richie Huang\\vendor\\laravel\\framework\\src\\Illuminate\\Foundation\\Http\\Middleware\\TransformsRequest.php(21): Illuminate\\Pipeline\\Pipeline->Illuminate\\Pipeline\\{closure}(Object(Illuminate\\Http\\Request))
#39 C:\\Users\\ronald richie\\Desktop\\Binus Life\\SEMESTER 5\\Web Programming\\Coding Stuff\\GSLC1_WP_Ronald Richie Huang\\vendor\\laravel\\framework\\src\\Illuminate\\Foundation\\Http\\Middleware\\TrimStrings.php(40): Illuminate\\Foundation\\Http\\Middleware\\TransformsRequest->handle(Object(Illuminate\\Http\\Request), Object(Closure))
#40 C:\\Users\\ronald richie\\Desktop\\Binus Life\\SEMESTER 5\\Web Programming\\Coding Stuff\\GSLC1_WP_Ronald Richie Huang\\vendor\\laravel\\framework\\src\\Illuminate\\Pipeline\\Pipeline.php(167): Illuminate\\Foundation\\Http\\Middleware\\TrimStrings->handle(Object(Illuminate\\Http\\Request), Object(Closure))
#41 C:\\Users\\ronald richie\\Desktop\\Binus Life\\SEMESTER 5\\Web Programming\\Coding Stuff\\GSLC1_WP_Ronald Richie Huang\\vendor\\laravel\\framework\\src\\Illuminate\\Foundation\\Http\\Middleware\\ValidatePostSize.php(27): Illuminate\\Pipeline\\Pipeline->Illuminate\\Pipeline\\{closure}(Object(Illuminate\\Http\\Request))
#42 C:\\Users\\ronald richie\\Desktop\\Binus Life\\SEMESTER 5\\Web Programming\\Coding Stuff\\GSLC1_WP_Ronald Richie Huang\\vendor\\laravel\\framework\\src\\Illuminate\\Pipeline\\Pipeline.php(167): Illuminate\\Foundation\\Http\\Middleware\\ValidatePostSize->handle(Object(Illuminate\\Http\\Request), Object(Closure))
#43 C:\\Users\\ronald richie\\Desktop\\Binus Life\\SEMESTER 5\\Web Programming\\Coding Stuff\\GSLC1_WP_Ronald Richie Huang\\vendor\\laravel\\framework\\src\\Illuminate\\Foundation\\Http\\Middleware\\PreventRequestsDuringMaintenance.php(86): Illuminate\\Pipeline\\Pipeline->Illuminate\\Pipeline\\{closure}(Object(Illuminate\\Http\\Request))
#44 C:\\Users\\ronald richie\\Desktop\\Binus Life\\SEMESTER 5\\Web Programming\\Coding Stuff\\GSLC1_WP_Ronald Richie Huang\\vendor\\laravel\\framework\\src\\Illuminate\\Pipeline\\Pipeline.php(167): Illuminate\\Foundation\\Http\\Middleware\\PreventRequestsDuringMaintenance->handle(Object(Illuminate\\Http\\Request), Object(Closure))
#45 C:\\Users\\ronald richie\\Desktop\\Binus Life\\SEMESTER 5\\Web Programming\\Coding Stuff\\GSLC1_WP_Ronald Richie Huang\\vendor\\fruitcake\\laravel-cors\\src\\HandleCors.php(38): Illuminate\\Pipeline\\Pipeline->Illuminate\\Pipeline\\{closure}(Object(Illuminate\\Http\\Request))
#46 C:\\Users\\ronald richie\\Desktop\\Binus Life\\SEMESTER 5\\Web Programming\\Coding Stuff\\GSLC1_WP_Ronald Richie Huang\\vendor\\laravel\\framework\\src\\Illuminate\\Pipeline\\Pipeline.php(167): Fruitcake\\Cors\\HandleCors->handle(Object(Illuminate\\Http\\Request), Object(Closure))
#47 C:\\Users\\ronald richie\\Desktop\\Binus Life\\SEMESTER 5\\Web Programming\\Coding Stuff\\GSLC1_WP_Ronald Richie Huang\\vendor\\laravel\\framework\\src\\Illuminate\\Http\\Middleware\\TrustProxies.php(39): Illuminate\\Pipeline\\Pipeline->Illuminate\\Pipeline\\{closure}(Object(Illuminate\\Http\\Request))
#48 C:\\Users\\ronald richie\\Desktop\\Binus Life\\SEMESTER 5\\Web Programming\\Coding Stuff\\GSLC1_WP_Ronald Richie Huang\\vendor\\laravel\\framework\\src\\Illuminate\\Pipeline\\Pipeline.php(167): Illuminate\\Http\\Middleware\\TrustProxies->handle(Object(Illuminate\\Http\\Request), Object(Closure))
#49 C:\\Users\\ronald richie\\Desktop\\Binus Life\\SEMESTER 5\\Web Programming\\Coding Stuff\\GSLC1_WP_Ronald Richie Huang\\vendor\\laravel\\framework\\src\\Illuminate\\Pipeline\\Pipeline.php(103): Illuminate\\Pipeline\\Pipeline->Illuminate\\Pipeline\\{closure}(Object(Illuminate\\Http\\Request))
#50 C:\\Users\\ronald richie\\Desktop\\Binus Life\\SEMESTER 5\\Web Programming\\Coding Stuff\\GSLC1_WP_Ronald Richie Huang\\vendor\\laravel\\framework\\src\\Illuminate\\Foundation\\Http\\Kernel.php(142): Illuminate\\Pipeline\\Pipeline->then(Object(Closure))
#51 C:\\Users\\ronald richie\\Desktop\\Binus Life\\SEMESTER 5\\Web Programming\\Coding Stuff\\GSLC1_WP_Ronald Richie Huang\\vendor\\laravel\\framework\\src\\Illuminate\\Foundation\\Http\\Kernel.php(111): Illuminate\\Foundation\\Http\\Kernel->sendRequestThroughRouter(Object(Illuminate\\Http\\Request))
#52 C:\\Users\\ronald richie\\Desktop\\Binus Life\\SEMESTER 5\\Web Programming\\Coding Stuff\\GSLC1_WP_Ronald Richie Huang\\public\\index.php(52): Illuminate\\Foundation\\Http\\Kernel->handle(Object(Illuminate\\Http\\Request))
#53 C:\\Users\\ronald richie\\Desktop\\Binus Life\\SEMESTER 5\\Web Programming\\Coding Stuff\\GSLC1_WP_Ronald Richie Huang\\server.php(21): require_once('C:\\\\Users\\\\ronald...')
#54 {main}

[previous exception] [object] (InvalidArgumentException(code: 0): Cannot end a section without first starting one. at C:\\Users\\ronald richie\\Desktop\\Binus Life\\SEMESTER 5\\Web Programming\\Coding Stuff\\GSLC1_WP_Ronald Richie Huang\\vendor\\laravel\\framework\\src\\Illuminate\\View\\Concerns\\ManagesLayouts.php:94)
[stacktrace]
#0 C:\\Users\\ronald richie\\Desktop\\Binus Life\\SEMESTER 5\\Web Programming\\Coding Stuff\\GSLC1_WP_Ronald Richie Huang\\storage\\framework\\views\\ea98a79a3f93f0e88f991a21cabf5c42fb7b2003.php(14): Illuminate\\View\\Factory->stopSection()
#1 C:\\Users\\ronald richie\\Desktop\\Binus Life\\SEMESTER 5\\Web Programming\\Coding Stuff\\GSLC1_WP_Ronald Richie Huang\\vendor\\laravel\\framework\\src\\Illuminate\\Filesystem\\Filesystem.php(107): require('C:\\\\Users\\\\ronald...')
#2 C:\\Users\\ronald richie\\Desktop\\Binus Life\\SEMESTER 5\\Web Programming\\Coding Stuff\\GSLC1_WP_Ronald Richie Huang\\vendor\\laravel\\framework\\src\\Illuminate\\Filesystem\\Filesystem.php(108): Illuminate\\Filesystem\\Filesystem::Illuminate\\Filesystem\\{closure}()
#3 C:\\Users\\ronald richie\\Desktop\\Binus Life\\SEMESTER 5\\Web Programming\\Coding Stuff\\GSLC1_WP_Ronald Richie Huang\\vendor\\laravel\\framework\\src\\Illuminate\\View\\Engines\\PhpEngine.php(58): Illuminate\\Filesystem\\Filesystem->getRequire('C:\\\\Users\\\\ronald...', Array)
#4 C:\\Users\\ronald richie\\Desktop\\Binus Life\\SEMESTER 5\\Web Programming\\Coding Stuff\\GSLC1_WP_Ronald Richie Huang\\vendor\\laravel\\framework\\src\\Illuminate\\View\\Engines\\CompilerEngine.php(61): Illuminate\\View\\Engines\\PhpEngine->evaluatePath('C:\\\\Users\\\\ronald...', Array)
#5 C:\\Users\\ronald richie\\Desktop\\Binus Life\\SEMESTER 5\\Web Programming\\Coding Stuff\\GSLC1_WP_Ronald Richie Huang\\vendor\\facade\\ignition\\src\\Views\\Engines\\CompilerEngine.php(37): Illuminate\\View\\Engines\\CompilerEngine->get('C:\\\\Users\\\\ronald...', Array)
#6 C:\\Users\\ronald richie\\Desktop\\Binus Life\\SEMESTER 5\\Web Programming\\Coding Stuff\\GSLC1_WP_Ronald Richie Huang\\vendor\\laravel\\framework\\src\\Illuminate\\View\\View.php(139): Facade\\Ignition\\Views\\Engines\\CompilerEngine->get('C:\\\\Users\\\\ronald...', Array)
#7 C:\\Users\\ronald richie\\Desktop\\Binus Life\\SEMESTER 5\\Web Programming\\Coding Stuff\\GSLC1_WP_Ronald Richie Huang\\vendor\\laravel\\framework\\src\\Illuminate\\View\\View.php(122): Illuminate\\View\\View->getContents()
#8 C:\\Users\\ronald richie\\Desktop\\Binus Life\\SEMESTER 5\\Web Programming\\Coding Stuff\\GSLC1_WP_Ronald Richie Huang\\vendor\\laravel\\framework\\src\\Illuminate\\View\\View.php(91): Illuminate\\View\\View->renderContents()
#9 C:\\Users\\ronald richie\\Desktop\\Binus Life\\SEMESTER 5\\Web Programming\\Coding Stuff\\GSLC1_WP_Ronald Richie Huang\\vendor\\laravel\\framework\\src\\Illuminate\\Http\\Response.php(69): Illuminate\\View\\View->render()
#10 C:\\Users\\ronald richie\\Desktop\\Binus Life\\SEMESTER 5\\Web Programming\\Coding Stuff\\GSLC1_WP_Ronald Richie Huang\\vendor\\laravel\\framework\\src\\Illuminate\\Http\\Response.php(35): Illuminate\\Http\\Response->setContent(Object(Illuminate\\View\\View))
#11 C:\\Users\\ronald richie\\Desktop\\Binus Life\\SEMESTER 5\\Web Programming\\Coding Stuff\\GSLC1_WP_Ronald Richie Huang\\vendor\\laravel\\framework\\src\\Illuminate\\Routing\\Router.php(820): Illuminate\\Http\\Response->__construct(Object(Illuminate\\View\\View), 200, Array)
#12 C:\\Users\\ronald richie\\Desktop\\Binus Life\\SEMESTER 5\\Web Programming\\Coding Stuff\\GSLC1_WP_Ronald Richie Huang\\vendor\\laravel\\framework\\src\\Illuminate\\Routing\\Router.php(789): Illuminate\\Routing\\Router::toResponse(Object(Illuminate\\Http\\Request), Object(Illuminate\\View\\View))
#13 C:\\Users\\ronald richie\\Desktop\\Binus Life\\SEMESTER 5\\Web Programming\\Coding Stuff\\GSLC1_WP_Ronald Richie Huang\\vendor\\laravel\\framework\\src\\Illuminate\\Routing\\Router.php(721): Illuminate\\Routing\\Router->prepareResponse(Object(Illuminate\\Http\\Request), Object(Illuminate\\View\\View))
#14 C:\\Users\\ronald richie\\Desktop\\Binus Life\\SEMESTER 5\\Web Programming\\Coding Stuff\\GSLC1_WP_Ronald Richie Huang\\vendor\\laravel\\framework\\src\\Illuminate\\Pipeline\\Pipeline.php(128): Illuminate\\Routing\\Router->Illuminate\\Routing\\{closure}(Object(Illuminate\\Http\\Request))
#15 C:\\Users\\ronald richie\\Desktop\\Binus Life\\SEMESTER 5\\Web Programming\\Coding Stuff\\GSLC1_WP_Ronald Richie Huang\\vendor\\laravel\\framework\\src\\Illuminate\\Routing\\Middleware\\SubstituteBindings.php(50): Illuminate\\Pipeline\\Pipeline->Illuminate\\Pipeline\\{closure}(Object(Illuminate\\Http\\Request))
#16 C:\\Users\\ronald richie\\Desktop\\Binus Life\\SEMESTER 5\\Web Programming\\Coding Stuff\\GSLC1_WP_Ronald Richie Huang\\vendor\\laravel\\framework\\src\\Illuminate\\Pipeline\\Pipeline.php(167): Illuminate\\Routing\\Middleware\\SubstituteBindings->handle(Object(Illuminate\\Http\\Request), Object(Closure))
#17 C:\\Users\\ronald richie\\Desktop\\Binus Life\\SEMESTER 5\\Web Programming\\Coding Stuff\\GSLC1_WP_Ronald Richie Huang\\vendor\\laravel\\framework\\src\\Illuminate\\Foundation\\Http\\Middleware\\VerifyCsrfToken.php(78): Illuminate\\Pipeline\\Pipeline->Illuminate\\Pipeline\\{closure}(Object(Illuminate\\Http\\Request))
#18 C:\\Users\\ronald richie\\Desktop\\Binus Life\\SEMESTER 5\\Web Programming\\Coding Stuff\\GSLC1_WP_Ronald Richie Huang\\vendor\\laravel\\framework\\src\\Illuminate\\Pipeline\\Pipeline.php(167): Illuminate\\Foundation\\Http\\Middleware\\VerifyCsrfToken->handle(Object(Illuminate\\Http\\Request), Object(Closure))
#19 C:\\Users\\ronald richie\\Desktop\\Binus Life\\SEMESTER 5\\Web Programming\\Coding Stuff\\GSLC1_WP_Ronald Richie Huang\\vendor\\laravel\\framework\\src\\Illuminate\\View\\Middleware\\ShareErrorsFromSession.php(49): Illuminate\\Pipeline\\Pipeline->Illuminate\\Pipeline\\{closure}(Object(Illuminate\\Http\\Request))
#20 C:\\Users\\ronald richie\\Desktop\\Binus Life\\SEMESTER 5\\Web Programming\\Coding Stuff\\GSLC1_WP_Ronald Richie Huang\\vendor\\laravel\\framework\\src\\Illuminate\\Pipeline\\Pipeline.php(167): Illuminate\\View\\Middleware\\ShareErrorsFromSession->handle(Object(Illuminate\\Http\\Request), Object(Closure))
#21 C:\\Users\\ronald richie\\Desktop\\Binus Life\\SEMESTER 5\\Web Programming\\Coding Stuff\\GSLC1_WP_Ronald Richie Huang\\vendor\\laravel\\framework\\src\\Illuminate\\Session\\Middleware\\StartSession.php(121): Illuminate\\Pipeline\\Pipeline->Illuminate\\Pipeline\\{closure}(Object(Illuminate\\Http\\Request))
#22 C:\\Users\\ronald richie\\Desktop\\Binus Life\\SEMESTER 5\\Web Programming\\Coding Stuff\\GSLC1_WP_Ronald Richie Huang\\vendor\\laravel\\framework\\src\\Illuminate\\Session\\Middleware\\StartSession.php(64): Illuminate\\Session\\Middleware\\StartSession->handleStatefulRequest(Object(Illuminate\\Http\\Request), Object(Illuminate\\Session\\Store), Object(Closure))
#23 C:\\Users\\ronald richie\\Desktop\\Binus Life\\SEMESTER 5\\Web Programming\\Coding Stuff\\GSLC1_WP_Ronald Richie Huang\\vendor\\laravel\\framework\\src\\Illuminate\\Pipeline\\Pipeline.php(167): Illuminate\\Session\\Middleware\\StartSession->handle(Object(Illuminate\\Http\\Request), Object(Closure))
#24 C:\\Users\\ronald richie\\Desktop\\Binus Life\\SEMESTER 5\\Web Programming\\Coding Stuff\\GSLC1_WP_Ronald Richie Huang\\vendor\\laravel\\framework\\src\\Illuminate\\Cookie\\Middleware\\AddQueuedCookiesToResponse.php(37): Illuminate\\Pipeline\\Pipeline->Illuminate\\Pipeline\\{closure}(Object(Illuminate\\Http\\Request))
#25 C:\\Users\\ronald richie\\Desktop\\Binus Life\\SEMESTER 5\\Web Programming\\Coding Stuff\\GSLC1_WP_Ronald Richie Huang\\vendor\\laravel\\framework\\src\\Illuminate\\Pipeline\\Pipeline.php(167): Illuminate\\Cookie\\Middleware\\AddQueuedCookiesToResponse->handle(Object(Illuminate\\Http\\Request), Object(Closure))
#26 C:\\Users\\ronald richie\\Desktop\\Binus Life\\SEMESTER 5\\Web Programming\\Coding Stuff\\GSLC1_WP_Ronald Richie Huang\\vendor\\laravel\\framework\\src\\Illuminate\\Cookie\\Middleware\\EncryptCookies.php(67): Illuminate\\Pipeline\\Pipeline->Illuminate\\Pipeline\\{closure}(Object(Illuminate\\Http\\Request))
#27 C:\\Users\\ronald richie\\Desktop\\Binus Life\\SEMESTER 5\\Web Programming\\Coding Stuff\\GSLC1_WP_Ronald Richie Huang\\vendor\\laravel\\framework\\src\\Illuminate\\Pipeline\\Pipeline.php(167): Illuminate\\Cookie\\Middleware\\EncryptCookies->handle(Object(Illuminate\\Http\\Request), Object(Closure))
#28 C:\\Users\\ronald richie\\Desktop\\Binus Life\\SEMESTER 5\\Web Programming\\Coding Stuff\\GSLC1_WP_Ronald Richie Huang\\vendor\\laravel\\framework\\src\\Illuminate\\Pipeline\\Pipeline.php(103): Illuminate\\Pipeline\\Pipeline->Illuminate\\Pipeline\\{closure}(Object(Illuminate\\Http\\Request))
#29 C:\\Users\\ronald richie\\Desktop\\Binus Life\\SEMESTER 5\\Web Programming\\Coding Stuff\\GSLC1_WP_Ronald Richie Huang\\vendor\\laravel\\framework\\src\\Illuminate\\Routing\\Router.php(723): Illuminate\\Pipeline\\Pipeline->then(Object(Closure))
#30 C:\\Users\\ronald richie\\Desktop\\Binus Life\\SEMESTER 5\\Web Programming\\Coding Stuff\\GSLC1_WP_Ronald Richie Huang\\vendor\\laravel\\framework\\src\\Illuminate\\Routing\\Router.php(698): Illuminate\\Routing\\Router->runRouteWithinStack(Object(Illuminate\\Routing\\Route), Object(Illuminate\\Http\\Request))
#31 C:\\Users\\ronald richie\\Desktop\\Binus Life\\SEMESTER 5\\Web Programming\\Coding Stuff\\GSLC1_WP_Ronald Richie Huang\\vendor\\laravel\\framework\\src\\Illuminate\\Routing\\Router.php(662): Illuminate\\Routing\\Router->runRoute(Object(Illuminate\\Http\\Request), Object(Illuminate\\Routing\\Route))
#32 C:\\Users\\ronald richie\\Desktop\\Binus Life\\SEMESTER 5\\Web Programming\\Coding Stuff\\GSLC1_WP_Ronald Richie Huang\\vendor\\laravel\\framework\\src\\Illuminate\\Routing\\Router.php(651): Illuminate\\Routing\\Router->dispatchToRoute(Object(Illuminate\\Http\\Request))
#33 C:\\Users\\ronald richie\\Desktop\\Binus Life\\SEMESTER 5\\Web Programming\\Coding Stuff\\GSLC1_WP_Ronald Richie Huang\\vendor\\laravel\\framework\\src\\Illuminate\\Foundation\\Http\\Kernel.php(167): Illuminate\\Routing\\Router->dispatch(Object(Illuminate\\Http\\Request))
#34 C:\\Users\\ronald richie\\Desktop\\Binus Life\\SEMESTER 5\\Web Programming\\Coding Stuff\\GSLC1_WP_Ronald Richie Huang\\vendor\\laravel\\framework\\src\\Illuminate\\Pipeline\\Pipeline.php(128): Illuminate\\Foundation\\Http\\Kernel->Illuminate\\Foundation\\Http\\{closure}(Object(Illuminate\\Http\\Request))
#35 C:\\Users\\ronald richie\\Desktop\\Binus Life\\SEMESTER 5\\Web Programming\\Coding Stuff\\GSLC1_WP_Ronald Richie Huang\\vendor\\laravel\\framework\\src\\Illuminate\\Foundation\\Http\\Middleware\\TransformsRequest.php(21): Illuminate\\Pipeline\\Pipeline->Illuminate\\Pipeline\\{closure}(Object(Illuminate\\Http\\Request))
#36 C:\\Users\\ronald richie\\Desktop\\Binus Life\\SEMESTER 5\\Web Programming\\Coding Stuff\\GSLC1_WP_Ronald Richie Huang\\vendor\\laravel\\framework\\src\\Illuminate\\Foundation\\Http\\Middleware\\ConvertEmptyStringsToNull.php(31): Illuminate\\Foundation\\Http\\Middleware\\TransformsRequest->handle(Object(Illuminate\\Http\\Request), Object(Closure))
#37 C:\\Users\\ronald richie\\Desktop\\Binus Life\\SEMESTER 5\\Web Programming\\Coding Stuff\\GSLC1_WP_Ronald Richie Huang\\vendor\\laravel\\framework\\src\\Illuminate\\Pipeline\\Pipeline.php(167): Illuminate\\Foundation\\Http\\Middleware\\ConvertEmptyStringsToNull->handle(Object(Illuminate\\Http\\Request), Object(Closure))
#38 C:\\Users\\ronald richie\\Desktop\\Binus Life\\SEMESTER 5\\Web Programming\\Coding Stuff\\GSLC1_WP_Ronald Richie Huang\\vendor\\laravel\\framework\\src\\Illuminate\\Foundation\\Http\\Middleware\\TransformsRequest.php(21): Illuminate\\Pipeline\\Pipeline->Illuminate\\Pipeline\\{closure}(Object(Illuminate\\Http\\Request))
#39 C:\\Users\\ronald richie\\Desktop\\Binus Life\\SEMESTER 5\\Web Programming\\Coding Stuff\\GSLC1_WP_Ronald Richie Huang\\vendor\\laravel\\framework\\src\\Illuminate\\Foundation\\Http\\Middleware\\TrimStrings.php(40): Illuminate\\Foundation\\Http\\Middleware\\TransformsRequest->handle(Object(Illuminate\\Http\\Request), Object(Closure))
#40 C:\\Users\\ronald richie\\Desktop\\Binus Life\\SEMESTER 5\\Web Programming\\Coding Stuff\\GSLC1_WP_Ronald Richie Huang\\vendor\\laravel\\framework\\src\\Illuminate\\Pipeline\\Pipeline.php(167): Illuminate\\Foundation\\Http\\Middleware\\TrimStrings->handle(Object(Illuminate\\Http\\Request), Object(Closure))
#41 C:\\Users\\ronald richie\\Desktop\\Binus Life\\SEMESTER 5\\Web Programming\\Coding Stuff\\GSLC1_WP_Ronald Richie Huang\\vendor\\laravel\\framework\\src\\Illuminate\\Foundation\\Http\\Middleware\\ValidatePostSize.php(27): Illuminate\\Pipeline\\Pipeline->Illuminate\\Pipeline\\{closure}(Object(Illuminate\\Http\\Request))
#42 C:\\Users\\ronald richie\\Desktop\\Binus Life\\SEMESTER 5\\Web Programming\\Coding Stuff\\GSLC1_WP_Ronald Richie Huang\\vendor\\laravel\\framework\\src\\Illuminate\\Pipeline\\Pipeline.php(167): Illuminate\\Foundation\\Http\\Middleware\\ValidatePostSize->handle(Object(Illuminate\\Http\\Request), Object(Closure))
#43 C:\\Users\\ronald richie\\Desktop\\Binus Life\\SEMESTER 5\\Web Programming\\Coding Stuff\\GSLC1_WP_Ronald Richie Huang\\vendor\\laravel\\framework\\src\\Illuminate\\Foundation\\Http\\Middleware\\PreventRequestsDuringMaintenance.php(86): Illuminate\\Pipeline\\Pipeline->Illuminate\\Pipeline\\{closure}(Object(Illuminate\\Http\\Request))
#44 C:\\Users\\ronald richie\\Desktop\\Binus Life\\SEMESTER 5\\Web Programming\\Coding Stuff\\GSLC1_WP_Ronald Richie Huang\\vendor\\laravel\\framework\\src\\Illuminate\\Pipeline\\Pipeline.php(167): Illuminate\\Foundation\\Http\\Middleware\\PreventRequestsDuringMaintenance->handle(Object(Illuminate\\Http\\Request), Object(Closure))
#45 C:\\Users\\ronald richie\\Desktop\\Binus Life\\SEMESTER 5\\Web Programming\\Coding Stuff\\GSLC1_WP_Ronald Richie Huang\\vendor\\fruitcake\\laravel-cors\\src\\HandleCors.php(38): Illuminate\\Pipeline\\Pipeline->Illuminate\\Pipeline\\{closure}(Object(Illuminate\\Http\\Request))
#46 C:\\Users\\ronald richie\\Desktop\\Binus Life\\SEMESTER 5\\Web Programming\\Coding Stuff\\GSLC1_WP_Ronald Richie Huang\\vendor\\laravel\\framework\\src\\Illuminate\\Pipeline\\Pipeline.php(167): Fruitcake\\Cors\\HandleCors->handle(Object(Illuminate\\Http\\Request), Object(Closure))
#47 C:\\Users\\ronald richie\\Desktop\\Binus Life\\SEMESTER 5\\Web Programming\\Coding Stuff\\GSLC1_WP_Ronald Richie Huang\\vendor\\laravel\\framework\\src\\Illuminate\\Http\\Middleware\\TrustProxies.php(39): Illuminate\\Pipeline\\Pipeline->Illuminate\\Pipeline\\{closure}(Object(Illuminate\\Http\\Request))
#48 C:\\Users\\ronald richie\\Desktop\\Binus Life\\SEMESTER 5\\Web Programming\\Coding Stuff\\GSLC1_WP_Ronald Richie Huang\\vendor\\laravel\\framework\\src\\Illuminate\\Pipeline\\Pipeline.php(167): Illuminate\\Http\\Middleware\\TrustProxies->handle(Object(Illuminate\\Http\\Request), Object(Closure))
#49 C:\\Users\\ronald richie\\Desktop\\Binus Life\\SEMESTER 5\\Web Programming\\Coding Stuff\\GSLC1_WP_Ronald Richie Huang\\vendor\\laravel\\framework\\src\\Illuminate\\Pipeline\\Pipeline.php(103): Illuminate\\Pipeline\\Pipeline->Illuminate\\Pipeline\\{closure}(Object(Illuminate\\Http\\Request))
#50 C:\\Users\\ronald richie\\Desktop\\Binus Life\\SEMESTER 5\\Web Programming\\Coding Stuff\\GSLC1_WP_Ronald Richie Huang\\vendor\\laravel\\framework\\src\\Illuminate\\Foundation\\Http\\Kernel.php(142): Illuminate\\Pipeline\\Pipeline->then(Object(Closure))
#51 C:\\Users\\ronald richie\\Desktop\\Binus Life\\SEMESTER 5\\Web Programming\\Coding Stuff\\GSLC1_WP_Ronald Richie Huang\\vendor\\laravel\\framework\\src\\Illuminate\\Foundation\\Http\\Kernel.php(111): Illuminate\\Foundation\\Http\\Kernel->sendRequestThroughRouter(Object(Illuminate\\Http\\Request))
#52 C:\\Users\\ronald richie\\Desktop\\Binus Life\\SEMESTER 5\\Web Programming\\Coding Stuff\\GSLC1_WP_Ronald Richie Huang\\public\\index.php(52): Illuminate\\Foundation\\Http\\Kernel->handle(Object(Illuminate\\Http\\Request))
#53 C:\\Users\\ronald richie\\Desktop\\Binus Life\\SEMESTER 5\\Web Programming\\Coding Stuff\\GSLC1_WP_Ronald Richie Huang\\server.php(21): require_once('C:\\\\Users\\\\ronald...')
#54 {main}
"} 
[2022-11-02 13:20:16] local.ERROR: 'break' not in the 'loop' or 'switch' context {"exception":"[object] (Symfony\\Component\\ErrorHandler\\Error\\FatalError(code: 0): 'break' not in the 'loop' or 'switch' context at C:\\Users\\ronald richie\\Desktop\\Binus Life\\SEMESTER 5\\Web Programming\\Coding Stuff\\GSLC1_WP_Ronald Richie Huang\\storage\\framework\\views\\4229576f13f9b83797676180f9e0a057facd6240.php:12)
[stacktrace]
#0 {main}
"} 
